[17.06.2019 12:43:42.232] Timer tic
[17.06.2019 12:43:42.233]  CFO count:  0
[17.06.2019 12:43:42.234]  CLUSTER count:  0
[17.06.2019 12:43:42.234]  DIVISION count:  0
[17.06.2019 12:43:42.234] File move done : OutDir_17.06.2019
[17.06.2019 12:44:42.233] Timer tic
[17.06.2019 12:44:42.234]  CFO count:  0
[17.06.2019 12:44:42.234]  CLUSTER count:  0
[17.06.2019 12:44:42.234]  DIVISION count:  0
[17.06.2019 12:44:42.234] File move done : OutDir_17.06.2019
[17.06.2019 12:47:05.287] Timer tic
[17.06.2019 12:47:05.289]  CFO count:  0
[17.06.2019 12:47:05.289]  CLUSTER count:  0
[17.06.2019 12:47:05.290]  DIVISION count:  0
[17.06.2019 12:47:05.290] File list empty
[17.06.2019 12:48:05.289] Timer tic
[17.06.2019 12:48:05.289]  CFO count:  0
[17.06.2019 12:48:05.290]  CLUSTER count:  0
[17.06.2019 12:48:05.290]  DIVISION count:  0
[17.06.2019 12:48:05.290] File list empty
[17.06.2019 12:49:05.290] Timer tic
[17.06.2019 12:49:05.291]  CFO count:  0
[17.06.2019 12:49:05.291]  CLUSTER count:  0
[17.06.2019 12:49:05.291]  DIVISION count:  0
[17.06.2019 12:49:05.291] File list empty
[17.06.2019 12:50:05.292] Timer tic
[17.06.2019 12:50:05.292]  CFO count:  0
[17.06.2019 12:50:05.293]  CLUSTER count:  0
[17.06.2019 12:50:05.293]  DIVISION count:  0
[17.06.2019 12:50:05.293] File list empty
[17.06.2019 12:53:44.703] Timer tic
[17.06.2019 12:53:44.704] File list empty
[17.06.2019 12:54:44.704] Timer tic
[17.06.2019 12:54:44.705] File list empty
[17.06.2019 12:55:44.706] Timer tic
[17.06.2019 12:55:44.707] File list empty
[17.06.2019 12:56:44.708] Timer tic
[17.06.2019 12:56:44.708] File list empty
[17.06.2019 12:57:44.719] Timer tic
[17.06.2019 12:57:44.901]  CFO count:  8
[17.06.2019 12:57:44.902]  CLUSTER count:  2
[17.06.2019 12:57:44.902]  DIVISION count:  2
[17.06.2019 12:57:44.904] File move done : OutDir_17.06.2019
[17.06.2019 13:09:48.426] Timer tic
[17.06.2019 13:09:48.426] File list empty
[17.06.2019 13:10:48.427] Timer tic
[17.06.2019 13:10:48.428] File list empty
[17.06.2019 13:11:48.430] Timer tic
[17.06.2019 13:11:50.219]  CFO count:  8
[17.06.2019 13:11:50.219]  CLUSTER count:  2
[17.06.2019 13:11:50.219]  DIVISION count:  2
[17.06.2019 13:11:50.223] File move done : OutDir_17.06.2019
[17.06.2019 13:31:01.211] Timer tic
[17.06.2019 13:31:01.212] File list empty
[17.06.2019 13:32:01.212] Timer tic
[17.06.2019 13:32:01.212] File list empty
[17.06.2019 13:33:01.213] Timer tic
[17.06.2019 13:33:01.214] File list empty
[17.06.2019 13:34:01.215] Timer tic
[17.06.2019 13:34:03.090]  CFO count:  8
[17.06.2019 13:34:03.090]  CLUSTER count:  2
[17.06.2019 13:34:03.090]  DIVISION count:  2
[17.06.2019 13:34:03.093] File move done : OutDir_17.06.2019
[17.06.2019 13:35:01.217] Timer tic
[17.06.2019 13:35:01.217] File list empty
[17.06.2019 13:36:01.218] Timer tic
[17.06.2019 13:36:01.219] File list empty
[17.06.2019 13:39:54.324] Timer tic
[17.06.2019 13:39:54.325] File list empty
[17.06.2019 13:40:54.325] Timer tic
[17.06.2019 13:40:54.325] File list empty
