[20.06.2019 15:34:04.428] Timer tic
[20.06.2019 15:34:05.939]  CFO count:  0
[20.06.2019 15:34:05.939]  CLUSTER count:  0
[20.06.2019 15:34:05.939]  DIVISION count:  0
[20.06.2019 15:34:05.940] File move done : OutDir_20.06.2019
[20.06.2019 15:44:04.427] Timer tic
[20.06.2019 15:44:04.427] File list empty
[20.06.2019 16:31:47.058] Timer tic
[20.06.2019 16:31:48.670]  CFO count:  0
[20.06.2019 16:31:48.670]  CLUSTER count:  0
[20.06.2019 16:31:48.670]  DIVISION count:  0
[20.06.2019 16:31:48.671] File move done : OutDir_20.06.2019
[20.06.2019 16:41:47.065] Timer tic
[20.06.2019 16:41:47.066] File list empty
[20.06.2019 16:51:47.066] Timer tic
[20.06.2019 16:51:47.066] File list empty
[20.06.2019 17:01:47.067] Timer tic
[20.06.2019 17:01:47.242]  CFO count:  0
[20.06.2019 17:01:47.242]  CLUSTER count:  0
[20.06.2019 17:01:47.243]  DIVISION count:  0
[20.06.2019 17:01:47.243] File move done : OutDir_20.06.2019
[20.06.2019 17:02:33.792] Timer tic
[20.06.2019 17:02:33.793] File list empty
[20.06.2019 17:11:47.067] Timer tic
[20.06.2019 17:11:47.067] File list empty
[20.06.2019 17:12:33.790] Timer tic
[20.06.2019 17:12:33.790] File list empty
[20.06.2019 17:21:47.068] Timer tic
[20.06.2019 17:21:47.068] File list empty
[20.06.2019 17:22:33.791] Timer tic
[20.06.2019 17:22:33.791] File list empty
[20.06.2019 17:31:47.068] Timer tic
[20.06.2019 17:31:47.068] File list empty
[20.06.2019 17:32:33.792] Timer tic
[20.06.2019 17:32:33.792] File list empty
[20.06.2019 17:41:47.069] Timer tic
[20.06.2019 17:41:47.069] File list empty
[20.06.2019 17:42:33.793] Timer tic
[20.06.2019 17:42:33.793] File list empty
[20.06.2019 17:51:47.069] Timer tic
[20.06.2019 17:51:47.069] File list empty
[20.06.2019 17:52:33.794] Timer tic
[20.06.2019 17:52:33.794] File list empty
[20.06.2019 18:01:47.081] Timer tic
[20.06.2019 18:01:47.081] File list empty
[20.06.2019 18:02:33.794] Timer tic
[20.06.2019 18:02:33.795] File list empty
